YN00 /home/yzliu/eDNA/faststorage/yzliu/DK_proj/data/ref_genome/ref_annotation/primary_transcripts/extracted_cds/aligned_seq_14_species/cat.out.14_species.prank_translated.fa.best.nuc.new.phy

ns =  14	ls =2254

Codon position x base (3x4) table for each sequence.

And_bic             
position  1:    T:0.16327    C:0.23026    A:0.26353    G:0.34295
position  2:    T:0.26442    C:0.24401    A:0.31943    G:0.17214
position  3:    T:0.18767    C:0.30790    A:0.16371    G:0.34073

And_ful             
position  1:    T:0.16193    C:0.23248    A:0.26309    G:0.34250
position  2:    T:0.26442    C:0.24490    A:0.31766    G:0.17303
position  3:    T:0.18234    C:0.31766    A:0.16016    G:0.33984

And_hae             
position  1:    T:0.16504    C:0.22981    A:0.26131    G:0.34383
position  2:    T:0.26442    C:0.24445    A:0.31810    G:0.17303
position  3:    T:0.18101    C:0.31854    A:0.16593    G:0.33452

And_hat             
position  1:    T:0.15972    C:0.23469    A:0.26309    G:0.34250
position  2:    T:0.26486    C:0.24357    A:0.31899    G:0.17258
position  3:    T:0.17391    C:0.32298    A:0.15705    G:0.34605

And_mar             
position  1:    T:0.16327    C:0.23026    A:0.26264    G:0.34383
position  2:    T:0.26398    C:0.24445    A:0.31943    G:0.17214
position  3:    T:0.18456    C:0.31145    A:0.16548    G:0.33851

And_tri             
position  1:    T:0.16327    C:0.23336    A:0.26131    G:0.34206
position  2:    T:0.26309    C:0.24312    A:0.31988    G:0.17391
position  3:    T:0.18012    C:0.31943    A:0.16327    G:0.33718

Apis_mel            
position  1:    T:0.18944    C:0.19521    A:0.27063    G:0.34472
position  2:    T:0.26708    C:0.24046    A:0.32343    G:0.16903
position  3:    T:0.28571    C:0.20852    A:0.28749    G:0.21828

Bom_con             
position  1:    T:0.18012    C:0.20674    A:0.27107    G:0.34206
position  2:    T:0.26797    C:0.23736    A:0.32609    G:0.16859
position  3:    T:0.28616    C:0.20719    A:0.27995    G:0.22671

Bom_hor             
position  1:    T:0.17835    C:0.20896    A:0.27152    G:0.34117
position  2:    T:0.26752    C:0.23736    A:0.32742    G:0.16770
position  3:    T:0.29059    C:0.20186    A:0.27906    G:0.22848

Bom_hyp             
position  1:    T:0.17879    C:0.20852    A:0.27240    G:0.34028
position  2:    T:0.26841    C:0.23691    A:0.32609    G:0.16859
position  3:    T:0.28971    C:0.20231    A:0.28394    G:0.22405

Bom_mus             
position  1:    T:0.17746    C:0.20896    A:0.27285    G:0.34073
position  2:    T:0.26752    C:0.23736    A:0.32697    G:0.16815
position  3:    T:0.29636    C:0.19743    A:0.28261    G:0.22360

Bom_pas             
position  1:    T:0.17879    C:0.20807    A:0.27329    G:0.33984
position  2:    T:0.26752    C:0.23691    A:0.32697    G:0.16859
position  3:    T:0.29148    C:0.20142    A:0.28394    G:0.22316

Bom_syl             
position  1:    T:0.17924    C:0.20763    A:0.27240    G:0.34073
position  2:    T:0.26886    C:0.23691    A:0.32520    G:0.16903
position  3:    T:0.30035    C:0.19299    A:0.28527    G:0.22138

Bom_vet             
position  1:    T:0.17746    C:0.20941    A:0.27285    G:0.34028
position  2:    T:0.26797    C:0.23736    A:0.32609    G:0.16859
position  3:    T:0.29148    C:0.20053    A:0.28172    G:0.22626

Average
position  1:    T:0.17258    C:0.21745    A:0.26800    G:0.34196
position  2:    T:0.26629    C:0.24037    A:0.32298    G:0.17036
position  3:    T:0.24439    C:0.25073    A:0.23140    G:0.27348

Codon usage for each species
--------------------------------------------------------------------------------------------------------------------------------------
Phe TTT   8  10   9   7   6   9 | Ser TCT  19  19  17  21  20  19 | Tyr TAT  28  27  25  25  30  26 | Cys TGT   7  10  10   9  10   8
    TTC  42  40  41  43  45  43 |     TCC  43  40  40  39  40  41 |     TAC  51  49  54  54  50  53 |     TGC  31  28  28  29  28  30
Leu TTA  25  25  24  23  26  23 |     TCA   7   6  10   6   7   8 | *** TAA   0   0   0   0   0   0 | *** TGA   0   0   0   0   0   0
    TTG  46  48  50  43  44  48 |     TCG  41  43  44  41  42  39 |     TAG   0   0   0   0   0   0 | Trp TGG  20  20  20  20  20  21
--------------------------------------------------------------------------------------------------------------------------------------
Leu CTT  29  30  30  28  29  30 | Pro CCT  33  31  31  31  30  29 | His CAT  23  22  22  20  21  21 | Arg CGT  17  19  17  16  16  17
    CTC  44  46  46  45  41  41 |     CCC  33  35  38  33  38  36 |     CAC  42  43  43  45  43  45 |     CGC  19  18  18  20  19  22
    CTA  25  24  24  25  26  26 |     CCA  13  14  15  14  13  13 | Gln CAA  39  38  40  40  41  40 |     CGA   7  10   6   7   7  10
    CTG  77  75  72  83  79  77 |     CCG  50  50  46  51  49  52 |     CAG  53  52  52  53  51  52 |     CGG  15  17  18  18  16  15
--------------------------------------------------------------------------------------------------------------------------------------
Ile ATT  16  19  18  15  19  17 | Thr ACT  23  21  20  26  23  22 | Asn AAT  38  34  35  35  40  39 | Ser AGT  22  22  22  22  22  22
    ATC  55  54  53  55  50  52 |     ACC  27  33  33  29  29  31 |     AAC  53  55  54  55  52  52 |     AGC  39  41  40  40  39  39
    ATA  20  19  18  19  20  20 |     ACA  19  18  20  13  17  19 | Lys AAA  44  47  43  46  46  44 | Arg AGA  42  37  39  38  42  35
Met ATG  54  52  55  54  54  53 |     ACG  49  47  44  54  49  48 |     AAG  60  61  61  59  58  61 |     AGG  33  33  34  33  32  35
--------------------------------------------------------------------------------------------------------------------------------------
Val GTT  33  29  31  30  31  33 | Ala GCT  47  42  50  43  46  42 | Asp GAT  45  44  43  38  40  43 | Gly GGT  35  32  28  26  33  29
    GTC  30  37  36  39  33  35 |     GCC  53  60  54  54  56  59 |     GAC  79  84  81  86  84  82 |     GGC  53  53  59  62  55  59
    GTA  18  15  20  17  18  18 |     GCA  23  26  26  22  23  26 | Glu GAA  56  54  60  56  57  57 |     GGA  31  28  29  28  30  29
    GTG  74  73  69  71  74  68 |     GCG  70  67  63  72  69  64 |     GAG 109 106 104 107 107 106 |     GGG  17  22  22  21  19  21
--------------------------------------------------------------------------------------------------------------------------------------

--------------------------------------------------------------------------------------------------------------------------------------
Phe TTT  23  24  25  24  27  26 | Ser TCT  35  40  38  39  39  38 | Tyr TAT  39  48  48  48  46  45 | Cys TGT  20  15  14  14  13  13
    TTC  29  30  29  30  27  28 |     TCC  31  21  23  22  20  21 |     TAC  41  33  33  33  36  37 |     TGC  16  22  23  23  23  24
Leu TTA  79  59  53  55  52  53 |     TCA  15  19  17  18  17  17 | *** TAA   0   0   0   0   0   0 | *** TGA   0   0   0   0   0   0
    TTG  51  49  51  50  52  53 |     TCG  28  26  28  27  28  28 |     TAG   0   0   0   0   0   0 | Trp TGG  20  20  20  20  20  20
--------------------------------------------------------------------------------------------------------------------------------------
Leu CTT  45  40  41  43  45  42 | Pro CCT  30  34  41  38  38  39 | His CAT  32  38  38  37  40  39 | Arg CGT  20  21  23  23  25  24
    CTC  35  33  30  28  29  31 |     CCC  25  21  15  19  17  16 |     CAC  30  23  23  24  21  22 |     CGC  11  13  10  10   8   9
    CTA  14  31  36  34  35  34 |     CCA  36  39  36  40  40  39 | Gln CAA  57  53  58  57  58  60 |     CGA  10  10  11  12  13  13
    CTG  23  34  35  36  33  33 |     CCG  34  34  35  30  32  33 |     CAG  30  35  32  32  31  29 |     CGG   8   7   7   7   6   6
--------------------------------------------------------------------------------------------------------------------------------------
Ile ATT  40  36  36  37  38  38 | Thr ACT  26  28  27  28  32  31 | Asn AAT  65  62  63  64  63  62 | Ser AGT  36  29  26  29  28  26
    ATC  37  37  38  38  37  36 |     ACC  21  26  22  21  21  21 |     AAC  28  36  35  33  34  35 |     AGC  26  34  36  35  36  38
    ATA  27  27  27  27  26  28 |     ACA  36  35  40  42  42  42 | Lys AAA  76  68  67  67  70  70 | Arg AGA  44  46  46  44  45  45
Met ATG  49  48  48  48  48  48 |     ACG  31  28  29  27  26  27 |     AAG  37  43  46  46  42  42 |     AGG  31  28  26  28  27  27
--------------------------------------------------------------------------------------------------------------------------------------
Val GTT  43  45  51  49  48  49 | Ala GCT  61  59  57  55  52  54 | Asp GAT  74  67  68  68  76  75 | Gly GGT  55  59  59  57  58  56
    GTC  27  31  24  25  26  26 |     GCC  35  31  36  37  40  37 |     GAC  49  53  53  54  47  48 |     GGC  29  23  25  24  23  25
    GTA  40  40  41  41  39  37 |     GCA  63  53  55  55  57  58 | Glu GAA 110 116 108 112 108 110 |     GGA  41  35  34  36  35  34
    GTG  40  40  38  40  41  41 |     GCG  35  41  36  36  34  33 |     GAG  61  60  66  60  65  63 |     GGG  14  18  18  18  19  20
--------------------------------------------------------------------------------------------------------------------------------------

----------------------------------------------------------------------
Phe TTT  26  26 | Ser TCT  39  40 | Tyr TAT  49  45 | Cys TGT  17  13
    TTC  29  28 |     TCC  21  20 |     TAC  32  36 |     TGC  20  23
Leu TTA  55  52 |     TCA  16  17 | *** TAA   0   0 | *** TGA   0   0
    TTG  51  53 |     TCG  29  27 |     TAG   0   0 | Trp TGG  20  20
----------------------------------------------------------------------
Leu CTT  42  43 | Pro CCT  37  38 | His CAT  38  39 | Arg CGT  24  25
    CTC  30  29 |     CCC  17  17 |     CAC  23  22 |     CGC   9  11
    CTA  34  34 |     CCA  38  41 | Gln CAA  57  56 |     CGA  12  13
    CTG  34  36 |     CCG  35  31 |     CAG  31  31 |     CGG   7   6
----------------------------------------------------------------------
Ile ATT  38  38 | Thr ACT  29  29 | Asn AAT  63  64 | Ser AGT  30  25
    ATC  36  36 |     ACC  22  24 |     AAC  34  34 |     AGC  34  38
    ATA  27  27 |     ACA  41  43 | Lys AAA  69  72 | Arg AGA  49  44
Met ATG  48  48 |     ACG  28  26 |     AAG  42  41 |     AGG  24  26
----------------------------------------------------------------------
Val GTT  55  48 | Ala GCT  60  52 | Asp GAT  73  75 | Gly GGT  57  57
    GTC  22  24 |     GCC  32  37 |     GAC  49  47 |     GGC  25  26
    GTA  42  39 |     GCA  59  56 | Glu GAA 108 108 |     GGA  36  33
    GTG  37  43 |     GCG  31  37 |     GAG  65  65 |     GGG  17  20
----------------------------------------------------------------------


Sums
------------------------------------------------------
Phe TTT 250 | Ser TCT 423 | Tyr TAT 529 | Cys TGT 173
    TTC 484 |     TCC 422 |     TAC 592 |     TGC 348
Leu TTA 604 |     TCA 180 | *** TAA   0 | *** TGA   0
    TTG 689 |     TCG 471 |     TAG   0 | Trp TGG 281
------------------------------------------------------
Leu CTT 517 | Pro CCT 480 | His CAT 430 | Arg CGT 287
    CTC 508 |     CCC 360 |     CAC 449 |     CGC 197
    CTA 402 |     CCA 391 | Gln CAA 694 |     CGA 141
    CTG 727 |     CCG 562 |     CAG 564 |     CGG 153
------------------------------------------------------
Ile ATT 405 | Thr ACT 365 | Asn AAT 727 | Ser AGT 361
    ATC 614 |     ACC 360 |     AAC 590 |     AGC 515
    ATA 332 |     ACA 427 | Lys AAA 829 | Arg AGA 596
Met ATG 707 |     ACG 513 |     AAG 699 |     AGG 417
------------------------------------------------------
Val GTT 575 | Ala GCT 720 | Asp GAT 829 | Gly GGT 641
    GTC 415 |     GCC 621 |     GAC 896 |     GGC 541
    GTA 425 |     GCA 602 | Glu GAA 1220 |     GGA 459
    GTG 749 |     GCG 688 |     GAG 1144 |     GGG 266
------------------------------------------------------



(A) Nei-Gojobori (1986) method



Nei & Gojobori 1986. dN/dS (dN, dS)
(Note: This matrix is not used in later ML. analysis.
Use runmode = -2 for ML pairwise comparison.)

And_bic             
And_ful              0.0564 (0.0077 0.1365)
And_hae              0.0280 (0.0037 0.1326) 0.0838 (0.0091 0.1084)
And_hat              0.0223 (0.0023 0.1050) 0.0566 (0.0083 0.1466) 0.0286 (0.0041 0.1434)
And_mar              0.0362 (0.0029 0.0809) 0.0612 (0.0092 0.1502) 0.0354 (0.0051 0.1435) 0.0336 (0.0037 0.1106)
And_tri              0.0620 (0.0062 0.1004) 0.0680 (0.0100 0.1465) 0.0564 (0.0077 0.1361) 0.0586 (0.0068 0.1165) 0.0762 (0.0078 0.1024)
Apis_mel             0.0333 (0.0461 1.3867) 0.0378 (0.0500 1.3238) 0.0381 (0.0491 1.2892) 0.0312 (0.0486 1.5572) 0.0346 (0.0481 1.3902) 0.0357 (0.0498 1.3948)
Bom_con              0.0308 (0.0413 1.3423) 0.0344 (0.0445 1.2943) 0.0350 (0.0438 1.2492) 0.0298 (0.0427 1.4316) 0.0313 (0.0431 1.3760) 0.0325 (0.0451 1.3897) 0.0413 (0.0245 0.5949)
Bom_hor              0.0318 (0.0418 1.3170) 0.0357 (0.0448 1.2540) 0.0363 (0.0441 1.2143) 0.0307 (0.0430 1.3991) 0.0323 (0.0434 1.3422) 0.0339 (0.0456 1.3440) 0.0410 (0.0255 0.6225) 0.0348 (0.0042 0.1199)
Bom_hyp              0.0303 (0.0418 1.3777) 0.0336 (0.0447 1.3311) 0.0348 (0.0440 1.2636) 0.0297 (0.0431 1.4498) 0.0310 (0.0435 1.4050) 0.0324 (0.0454 1.4009) 0.0388 (0.0248 0.6407) 0.0264 (0.0030 0.1141) 0.0466 (0.0027 0.0584)
Bom_mus              0.0295 (0.0422 1.4271) 0.0331 (0.0449 1.3582) 0.0344 (0.0444 1.2918) 0.0290 (0.0433 1.4951) 0.0303 (0.0437 1.4434) 0.0320 (0.0457 1.4287) 0.0388 (0.0246 0.6351) 0.0265 (0.0034 0.1281) 0.0357 (0.0023 0.0652) 0.0253 (0.0019 0.0768)
Bom_pas              0.0303 (0.0427 1.4070) 0.0340 (0.0452 1.3288) 0.0359 (0.0451 1.2582) 0.0299 (0.0440 1.4732) 0.0312 (0.0444 1.4229) 0.0332 (0.0464 1.4005) 0.0389 (0.0244 0.6284) 0.0299 (0.0036 0.1200) 0.0408 (0.0025 0.0618) 0.0308 (0.0021 0.0693) 0.0223 (0.0006 0.0261)
Bom_syl              0.0296 (0.0418 1.4097) 0.0333 (0.0446 1.3405) 0.0343 (0.0440 1.2841) 0.0285 (0.0429 1.5031) 0.0301 (0.0433 1.4381) 0.0313 (0.0450 1.4381) 0.0409 (0.0253 0.6197) 0.0302 (0.0042 0.1385) 0.0412 (0.0029 0.0706) 0.0335 (0.0025 0.0754) 0.0219 (0.0017 0.0796) 0.0269 (0.0019 0.0721)
Bom_vet              0.0325 (0.0460 1.4134) 0.0369 (0.0490 1.3292) 0.0375 (0.0482 1.2873) 0.0319 (0.0472 1.4801) 0.0330 (0.0475 1.4420) 0.0351 (0.0499 1.4211) 0.0431 (0.0285 0.6610) 0.0601 (0.0081 0.1346) 0.1049 (0.0074 0.0706) 0.0871 (0.0069 0.0798) 0.1832 (0.0058 0.0319) 0.1932 (0.0060 0.0312) 0.0765 (0.0063 0.0827)


(B) Yang & Nielsen (2000) method

Yang Z, Nielsen R (2000) Estimating synonymous and nonsynonymous substitution rates under realistic evolutionary models. Mol. Biol. Evol. 17:32-43

(equal weighting of pathways)

seq. seq.     S       N        t   kappa   omega     dN +- SE    dS +- SE

   2    1  1821.7  4940.3   0.1169  3.8772  0.0651 0.0080 +- 0.0013  0.1229 +- 0.0090
   3    1  1829.7  4932.3   0.1048  3.8772  0.0325 0.0039 +- 0.0009  0.1187 +- 0.0088
   3    2  1819.3  4942.7   0.0996  3.8772  0.0965 0.0094 +- 0.0014  0.0977 +- 0.0079
   4    1  1808.2  4953.8   0.0819  3.8772  0.0254 0.0024 +- 0.0007  0.0955 +- 0.0078
   4    2  1797.4  4964.6   0.1262  3.8772  0.0637 0.0086 +- 0.0013  0.1346 +- 0.0096
   4    3  1805.5  4956.5   0.1142  3.8772  0.0325 0.0042 +- 0.0009  0.1309 +- 0.0094
   5    1  1831.1  4930.9   0.0656  3.8772  0.0421 0.0030 +- 0.0008  0.0725 +- 0.0067
   5    2  1821.1  4940.9   0.1305  3.8772  0.0704 0.0095 +- 0.0014  0.1357 +- 0.0095
   5    3  1829.0  4933.0   0.1164  3.8772  0.0410 0.0053 +- 0.0010  0.1292 +- 0.0093
   5    4  1807.4  4954.6   0.0894  3.8772  0.0381 0.0038 +- 0.0009  0.1009 +- 0.0081
   6    1  1824.8  4937.2   0.0867  3.8772  0.0723 0.0065 +- 0.0011  0.0896 +- 0.0074
   6    2  1814.4  4947.6   0.1291  3.8772  0.0781 0.0103 +- 0.0015  0.1322 +- 0.0093
   6    3  1822.1  4939.9   0.1159  3.8772  0.0654 0.0080 +- 0.0013  0.1218 +- 0.0089
   6    4  1800.4  4961.6   0.1003  3.8772  0.0665 0.0071 +- 0.0012  0.1061 +- 0.0083
   6    5  1824.1  4937.9   0.0920  3.8772  0.0885 0.0081 +- 0.0013  0.0917 +- 0.0075
   7    1  1998.7  4763.3   1.1382  3.8772  0.0430 0.0501 +- 0.0033  1.1641 +- 0.0915
   7    2  1997.7  4764.3   1.0903  3.8772  0.0493 0.0543 +- 0.0035  1.1008 +- 0.0805
   7    3  1999.0  4763.0   1.0528  3.8772  0.0504 0.0534 +- 0.0034  1.0599 +- 0.0742
   7    4  1994.7  4767.3   1.3436  3.8772  0.0378 0.0527 +- 0.0034  1.3925 +- 0.1446
   7    5  2000.0  4762.0   1.1427  3.8772  0.0449 0.0523 +- 0.0034  1.1635 +- 0.0911
   7    6  1998.2  4763.8   1.1526  3.8772  0.0462 0.0541 +- 0.0035  1.1713 +- 0.0926
   8    1  1999.3  4762.7   1.1267  3.8772  0.0385 0.0448 +- 0.0031  1.1634 +- 0.0931
   8    2  1998.3  4763.7   1.0992  3.8772  0.0429 0.0482 +- 0.0033  1.1249 +- 0.0867
   8    3  2000.0  4762.0   1.0459  3.8772  0.0446 0.0475 +- 0.0032  1.0657 +- 0.0769
   8    4  1995.0  4767.0   1.2403  3.8772  0.0358 0.0462 +- 0.0032  1.2908 +- 0.1200
   8    5  2000.8  4761.2   1.1562  3.8772  0.0392 0.0467 +- 0.0032  1.1913 +- 0.0979
   8    6  1999.0  4763.0   1.1643  3.8772  0.0409 0.0489 +- 0.0033  1.1963 +- 0.0982
   8    7  1948.6  4813.4   0.4840  3.8772  0.0534 0.0264 +- 0.0024  0.4947 +- 0.0252
   9    1  2000.4  4761.6   1.1006  3.8772  0.0401 0.0454 +- 0.0032  1.1321 +- 0.0873
   9    2  1999.8  4762.2   1.0545  3.8772  0.0452 0.0485 +- 0.0033  1.0730 +- 0.0778
   9    3  2001.6  4760.4   1.0110  3.8772  0.0467 0.0478 +- 0.0033  1.0248 +- 0.0707
   9    4  1996.7  4765.3   1.1991  3.8772  0.0375 0.0466 +- 0.0032  1.2426 +- 0.1088
   9    5  2002.0  4760.0   1.1194  3.8772  0.0410 0.0470 +- 0.0032  1.1484 +- 0.0896
   9    6  2000.5  4761.5   1.1200  3.8772  0.0432 0.0494 +- 0.0033  1.1442 +- 0.0885
   9    7  1946.7  4815.3   0.5089  3.8772  0.0527 0.0275 +- 0.0024  0.5213 +- 0.0268
   9    8  1955.4  4806.6   0.0956  3.8772  0.0453 0.0045 +- 0.0010  0.0992 +- 0.0078
  10    1  2002.0  4760.0   1.1710  3.8772  0.0374 0.0453 +- 0.0032  1.2107 +- 0.1027
  10    2  2001.4  4760.6   1.1400  3.8772  0.0415 0.0485 +- 0.0033  1.1685 +- 0.0947
  10    3  2002.9  4759.1   1.0638  3.8772  0.0441 0.0478 +- 0.0033  1.0837 +- 0.0800
  10    4  1998.5  4763.5   1.2682  3.8772  0.0354 0.0467 +- 0.0032  1.3189 +- 0.1273
  10    5  2003.5  4758.5   1.1937  3.8772  0.0384 0.0472 +- 0.0032  1.2308 +- 0.1062
  10    6  2002.0  4760.0   1.1805  3.8772  0.0407 0.0493 +- 0.0033  1.2119 +- 0.1016
  10    7  1943.7  4818.3   0.5218  3.8772  0.0495 0.0267 +- 0.0024  0.5389 +- 0.0278
  10    8  1952.7  4809.3   0.0886  3.8772  0.0343 0.0032 +- 0.0008  0.0943 +- 0.0075
  10    9  1950.5  4811.5   0.0479  3.8772  0.0606 0.0029 +- 0.0008  0.0481 +- 0.0052
  11    1  2001.9  4760.1   1.2110  3.8772  0.0365 0.0458 +- 0.0032  1.2547 +- 0.1114
  11    2  2001.8  4760.2   1.1572  3.8772  0.0410 0.0487 +- 0.0033  1.1872 +- 0.0977
  11    3  2003.3  4758.7   1.0835  3.8772  0.0436 0.0482 +- 0.0033  1.1045 +- 0.0829
  11    4  1999.2  4762.8   1.3071  3.8772  0.0345 0.0470 +- 0.0032  1.3619 +- 0.1379
  11    5  2003.6  4758.4   1.2228  3.8772  0.0376 0.0474 +- 0.0032  1.2629 +- 0.1126
  11    6  2002.4  4759.6   1.1979  3.8772  0.0403 0.0496 +- 0.0033  1.2304 +- 0.1049
  11    7  1938.6  4823.4   0.5182  3.8772  0.0493 0.0265 +- 0.0024  0.5366 +- 0.0278
  11    8  1947.6  4814.4   0.0998  3.8772  0.0342 0.0036 +- 0.0009  0.1065 +- 0.0081
  11    9  1945.1  4816.9   0.0519  3.8772  0.0463 0.0025 +- 0.0007  0.0539 +- 0.0055
  11   10  1942.4  4819.6   0.0594  3.8772  0.0326 0.0021 +- 0.0007  0.0638 +- 0.0061
  12    1  2000.7  4761.3   1.1977  3.8772  0.0374 0.0463 +- 0.0032  1.2391 +- 0.1084
  12    2  2000.3  4761.7   1.1342  3.8772  0.0422 0.0490 +- 0.0033  1.1614 +- 0.0932
  12    3  2001.7  4760.3   1.0580  3.8772  0.0456 0.0490 +- 0.0033  1.0748 +- 0.0785
  12    4  1997.5  4764.5   1.2937  3.8772  0.0355 0.0477 +- 0.0033  1.3460 +- 0.1343
  12    5  2002.3  4759.7   1.2111  3.8772  0.0386 0.0482 +- 0.0033  1.2487 +- 0.1100
  12    6  2000.9  4761.1   1.1785  3.8772  0.0417 0.0504 +- 0.0033  1.2077 +- 0.1007
  12    7  1940.2  4821.8   0.5116  3.8772  0.0496 0.0262 +- 0.0024  0.5291 +- 0.0273
  12    8  1949.2  4812.8   0.0944  3.8772  0.0387 0.0039 +- 0.0009  0.0996 +- 0.0078
  12    9  1946.9  4815.1   0.0499  3.8772  0.0529 0.0027 +- 0.0008  0.0511 +- 0.0054
  12   10  1944.1  4817.9   0.0544  3.8772  0.0398 0.0023 +- 0.0007  0.0574 +- 0.0057
  12   11  1938.7  4823.3   0.0199  3.8772  0.0288 0.0006 +- 0.0004  0.0216 +- 0.0034
  13    1  2003.3  4758.7   1.1947  3.8772  0.0367 0.0453 +- 0.0032  1.2365 +- 0.1076
  13    2  2003.6  4758.4   1.1345  3.8772  0.0417 0.0484 +- 0.0033  1.1613 +- 0.0927
  13    3  2005.0  4757.0   1.0719  3.8772  0.0438 0.0478 +- 0.0033  1.0916 +- 0.0807
  13    4  2001.4  4760.6   1.3149  3.8772  0.0340 0.0465 +- 0.0032  1.3702 +- 0.1403
  13    5  2005.2  4756.8   1.2160  3.8772  0.0375 0.0470 +- 0.0032  1.2553 +- 0.1110
  13    6  2004.2  4757.8   1.2071  3.8772  0.0393 0.0489 +- 0.0033  1.2416 +- 0.1073
  13    7  1933.0  4829.0   0.5092  3.8772  0.0517 0.0272 +- 0.0024  0.5259 +- 0.0272
  13    8  1942.2  4819.8   0.1093  3.8772  0.0387 0.0045 +- 0.0010  0.1158 +- 0.0086
  13    9  1939.5  4822.5   0.0572  3.8772  0.0531 0.0031 +- 0.0008  0.0587 +- 0.0058
  13   10  1936.8  4825.2   0.0597  3.8772  0.0430 0.0027 +- 0.0007  0.0628 +- 0.0060
  13   11  1930.8  4831.2   0.0610  3.8772  0.0280 0.0019 +- 0.0006  0.0666 +- 0.0062
  13   12  1933.0  4829.0   0.0560  3.8772  0.0345 0.0021 +- 0.0007  0.0601 +- 0.0059
  14    1  2001.5  4760.5   1.1949  3.8772  0.0407 0.0499 +- 0.0033  1.2270 +- 0.1046
  14    2  2001.1  4760.9   1.1289  3.8772  0.0465 0.0532 +- 0.0034  1.1449 +- 0.0892
  14    3  2002.7  4759.3   1.0810  3.8772  0.0479 0.0524 +- 0.0034  1.0922 +- 0.0804
  14    4  1998.2  4763.8   1.2861  3.8772  0.0385 0.0511 +- 0.0034  1.3289 +- 0.1283
  14    5  2003.1  4758.9   1.2203  3.8772  0.0413 0.0516 +- 0.0034  1.2506 +- 0.1092
  14    6  2001.7  4760.3   1.1945  3.8772  0.0445 0.0541 +- 0.0035  1.2163 +- 0.1014
  14    7  1943.4  4818.6   0.5442  3.8772  0.0551 0.0306 +- 0.0026  0.5554 +- 0.0287
  14    8  1952.2  4809.8   0.1151  3.8772  0.0778 0.0087 +- 0.0013  0.1115 +- 0.0083
  14    9  1949.9  4812.1   0.0673  3.8772  0.1364 0.0079 +- 0.0013  0.0582 +- 0.0057
  14   10  1947.2  4814.8   0.0728  3.8772  0.1130 0.0074 +- 0.0012  0.0659 +- 0.0061
  14   11  1941.7  4820.3   0.0360  3.8772  0.2377 0.0062 +- 0.0011  0.0263 +- 0.0037
  14   12  1943.6  4818.4   0.0360  3.8772  0.2510 0.0065 +- 0.0012  0.0257 +- 0.0037
  14   13  1936.1  4825.9   0.0736  3.8772  0.0983 0.0068 +- 0.0012  0.0688 +- 0.0063


(C) LWL85, LPB93 & LWLm methods

Li W.-H., C.-I. Wu, Luo (1985) A new method for estimating synonymous and nonsynonymous rates of nucleotide substitutions considering the relative likelihood of nucleotide and codon changes. Mol. Biol. Evol. 2: 150-174.
Li W-H (1993) Unbiased estimation of the rates of synonymous and nonsynonymous substitution. J. Mol. Evol. 36:96-99
Pamilo P, Bianchi NO (1993) Evolution of the Zfx and Zfy genes - rates and interdependence between the genes. Mol. Biol. Evol. 10:271-281
Yang Z (2006) Computational Molecular Evolution. Oxford University Press, Oxford. Eqs. 2.12 & 2.13

2 (And_ful) vs. 1 (And_bic)

L(i):     4311.5    1373.5    1077.0  sum=   6762.0
Ns(i):   19.0000   79.0000   67.0000  sum= 165.0000
Nv(i):   10.5000   14.5000   53.0000  sum=  78.0000
A(i):     0.0044    0.0618    0.0695
B(i):     0.0024    0.0107    0.0518
LWL85:  dS =  0.1404 dN =  0.0085 w = 0.0604 S = 1534.8 N = 5227.2
LWL85m: dS =  0.1156 dN =  0.0090 w = 0.0782 S = 1863.7 N = 4898.3 (rho = 0.573)
LPB93:  dS =  0.1170 dN =  0.0089 w = 0.0758

3 (And_hae) vs. 1 (And_bic)

L(i):     4314.0    1373.0    1075.0  sum=   6762.0
Ns(i):    8.5000   65.0000   80.5000  sum= 154.0000
Nv(i):    7.0000    6.0000   50.0000  sum=  63.0000
A(i):     0.0020    0.0500    0.0848
B(i):     0.0016    0.0044    0.0488
LWL85:  dS =  0.1385 dN =  0.0041 w = 0.0298 S = 1532.7 N = 5229.3
LWL85m: dS =  0.1091 dN =  0.0045 w = 0.0411 S = 1946.5 N = 4815.5 (rho = 0.635)
LPB93:  dS =  0.1141 dN =  0.0043 w = 0.0374

3 (And_hae) vs. 2 (And_ful)

L(i):     4313.5    1370.5    1078.0  sum=   6762.0
Ns(i):   23.5000   60.0000   62.5000  sum= 146.0000
Nv(i):   11.5000   16.5000   37.0000  sum=  65.0000
A(i):     0.0055    0.0464    0.0636
B(i):     0.0027    0.0122    0.0356
LWL85:  dS =  0.1111 dN =  0.0099 w = 0.0894 S = 1534.8 N = 5227.2
LWL85m: dS =  0.0871 dN =  0.0108 w = 0.1241 S = 1957.3 N = 4804.7 (rho = 0.642)
LPB93:  dS =  0.0895 dN =  0.0105 w = 0.1168

4 (And_hat) vs. 1 (And_bic)

L(i):     4312.0    1370.5    1079.5  sum=   6762.0
Ns(i):    8.0000   61.5000   59.5000  sum= 129.0000
Nv(i):    3.0000    5.0000   35.0000  sum=  43.0000
A(i):     0.0019    0.0472    0.0602
B(i):     0.0007    0.0037    0.0335
LWL85:  dS =  0.1080 dN =  0.0031 w = 0.0284 S = 1536.3 N = 5225.7
LWL85m: dS =  0.0846 dN =  0.0033 w = 0.0395 S = 1959.8 N = 4802.2 (rho = 0.642)
LPB93:  dS =  0.0864 dN =  0.0033 w = 0.0378

4 (And_hat) vs. 2 (And_ful)

L(i):     4311.5    1368.0    1082.5  sum=   6762.0
Ns(i):   24.0000   82.5000   78.5000  sum= 185.0000
Nv(i):    9.5000   13.5000   52.0000  sum=  75.0000
A(i):     0.0056    0.0649    0.0820
B(i):     0.0022    0.0100    0.0505
LWL85:  dS =  0.1510 dN =  0.0091 w = 0.0600 S = 1538.5 N = 5223.5
LWL85m: dS =  0.1204 dN =  0.0098 w = 0.0814 S = 1929.1 N = 4832.9 (rho = 0.619)
LPB93:  dS =  0.1230 dN =  0.0097 w = 0.0788

4 (And_hat) vs. 3 (And_hae)

L(i):     4314.0    1367.5    1080.5  sum=   6762.0
Ns(i):   10.5000   69.5000   92.0000  sum= 172.0000
Nv(i):    8.0000    7.0000   47.0000  sum=  62.0000
A(i):     0.0024    0.0539    0.0975
B(i):     0.0019    0.0051    0.0455
LWL85:  dS =  0.1485 dN =  0.0049 w = 0.0330 S = 1536.3 N = 5225.7
LWL85m: dS =  0.1134 dN =  0.0054 w = 0.0475 S = 2012.9 N = 4749.1 (rho = 0.682)
LPB93:  dS =  0.1186 dN =  0.0051 w = 0.0429

5 (And_mar) vs. 1 (And_bic)

L(i):     4311.0    1375.5    1075.5  sum=   6762.0
Ns(i):   11.5000   49.0000   52.5000  sum= 113.0000
Nv(i):    2.0000    3.0000   22.0000  sum=  27.0000
A(i):     0.0027    0.0370    0.0524
B(i):     0.0005    0.0022    0.0209
LWL85:  dS =  0.0846 dN =  0.0032 w = 0.0374 S = 1534.0 N = 5228.0
LWL85m: dS =  0.0630 dN =  0.0035 w = 0.0558 S = 2058.9 N = 4703.1 (rho = 0.715)
LPB93:  dS =  0.0647 dN =  0.0036 w = 0.0550

5 (And_mar) vs. 2 (And_ful)

L(i):     4310.5    1373.0    1078.5  sum=   6762.0
Ns(i):   28.0000   85.5000   78.5000  sum= 192.0000
Nv(i):   10.5000   13.0000   53.5000  sum=  77.0000
A(i):     0.0066    0.0672    0.0824
B(i):     0.0024    0.0096    0.0522
LWL85:  dS =  0.1546 dN =  0.0099 w = 0.0642 S = 1536.2 N = 5225.8
LWL85m: dS =  0.1238 dN =  0.0107 w = 0.0866 S = 1918.9 N = 4843.1 (rho = 0.612)
LPB93:  dS =  0.1261 dN =  0.0107 w = 0.0849

5 (And_mar) vs. 3 (And_hae)

L(i):     4313.0    1372.5    1076.5  sum=   6762.0
Ns(i):   16.0000   70.5000   94.5000  sum= 181.0000
Nv(i):    7.0000    5.0000   46.0000  sum=  58.0000
A(i):     0.0037    0.0544    0.1008
B(i):     0.0016    0.0037    0.0447
LWL85:  dS =  0.1508 dN =  0.0054 w = 0.0357 S = 1534.0 N = 5228.0
LWL85m: dS =  0.1141 dN =  0.0059 w = 0.0521 S = 2027.6 N = 4734.4 (rho = 0.693)
LPB93:  dS =  0.1195 dN =  0.0058 w = 0.0489

5 (And_mar) vs. 4 (And_hat)

L(i):     4311.0    1370.0    1081.0  sum=   6762.0
Ns(i):   15.5000   67.5000   64.0000  sum= 147.0000
Nv(i):    3.0000    4.0000   33.0000  sum=  40.0000
A(i):     0.0036    0.0520    0.0649
B(i):     0.0007    0.0029    0.0315
LWL85:  dS =  0.1141 dN =  0.0043 w = 0.0379 S = 1537.7 N = 5224.3
LWL85m: dS =  0.0876 dN =  0.0047 w = 0.0542 S = 2003.3 N = 4758.7 (rho = 0.673)
LPB93:  dS =  0.0892 dN =  0.0048 w = 0.0543

6 (And_tri) vs. 1 (And_bic)

L(i):     4312.5    1373.5    1076.0  sum=   6762.0
Ns(i):   13.5000   46.5000   50.0000  sum= 110.0000
Nv(i):   13.0000    9.5000   52.5000  sum=  75.0000
A(i):     0.0031    0.0353    0.0507
B(i):     0.0030    0.0070    0.0513
LWL85:  dS =  0.1032 dN =  0.0069 w = 0.0670 S = 1533.8 N = 5228.2
LWL85m: dS =  0.0900 dN =  0.0072 w = 0.0803 S = 1758.8 N = 5003.2 (rho = 0.497)
LPB93:  dS =  0.0934 dN =  0.0071 w = 0.0762

6 (And_tri) vs. 2 (And_ful)

L(i):     4312.0    1371.0    1079.0  sum=   6762.0
Ns(i):   25.5000   74.0000   73.5000  sum= 173.0000
Nv(i):   15.0000   15.0000   65.0000  sum=  95.0000
A(i):     0.0060    0.0578    0.0773
B(i):     0.0035    0.0111    0.0642
LWL85:  dS =  0.1509 dN =  0.0107 w = 0.0709 S = 1536.0 N = 5226.0
LWL85m: dS =  0.1268 dN =  0.0113 w = 0.0894 S = 1827.9 N = 4934.1 (rho = 0.546)
LPB93:  dS =  0.1305 dN =  0.0113 w = 0.0864

6 (And_tri) vs. 3 (And_hae)

L(i):     4314.5    1370.5    1077.0  sum=   6762.0
Ns(i):   17.0000   53.5000   79.5000  sum= 150.0000
Nv(i):   16.5000   11.5000   64.0000  sum=  92.0000
A(i):     0.0040    0.0410    0.0844
B(i):     0.0038    0.0085    0.0633
LWL85:  dS =  0.1403 dN =  0.0087 w = 0.0617 S = 1533.8 N = 5228.2
LWL85m: dS =  0.1157 dN =  0.0092 w = 0.0799 S = 1860.2 N = 4901.8 (rho = 0.571)
LPB93:  dS =  0.1233 dN =  0.0089 w = 0.0723

6 (And_tri) vs. 4 (And_hat)

L(i):     4312.5    1368.0    1081.5  sum=   6762.0
Ns(i):   18.5000   63.0000   61.5000  sum= 143.0000
Nv(i):   12.0000    8.5000   47.5000  sum=  68.0000
A(i):     0.0043    0.0486    0.0628
B(i):     0.0028    0.0063    0.0460
LWL85:  dS =  0.1198 dN =  0.0075 w = 0.0627 S = 1537.5 N = 5224.5
LWL85m: dS =  0.0984 dN =  0.0080 w = 0.0815 S = 1871.3 N = 4890.7 (rho = 0.577)
LPB93:  dS =  0.1008 dN =  0.0079 w = 0.0788

6 (And_tri) vs. 5 (And_mar)

L(i):     4311.5    1373.0    1077.5  sum=   6762.0
Ns(i):   22.0000   51.5000   54.5000  sum= 128.0000
Nv(i):   13.0000    8.5000   46.5000  sum=  68.0000
A(i):     0.0051    0.0392    0.0554
B(i):     0.0030    0.0062    0.0451
LWL85:  dS =  0.1056 dN =  0.0084 w = 0.0793 S = 1535.2 N = 5226.8
LWL85m: dS =  0.0884 dN =  0.0089 w = 0.1004 S = 1833.9 N = 4928.1 (rho = 0.551)
LPB93:  dS =  0.0915 dN =  0.0089 w = 0.0978

7 (Apis_mel) vs. 1 (And_bic)

L(i):     4314.5    1412.0    1035.5  sum=   6762.0
Ns(i):  110.0000  474.0000  283.0000  sum= 867.0000
Nv(i):   79.5000   60.0000  241.5000  sum= 381.0000
A(i):     0.0266    0.6035    0.5996
B(i):     0.0188    0.0444    0.3141
LWL85:  dS =  1.1939 dN =  0.0492 w = 0.0412 S = 1506.2 N = 5255.8
LWL85m: dS =  0.9165 dN =  0.0538 w = 0.0587 S = 1962.1 N = 4799.9 (rho = 0.656)
LPB93:  dS =  0.9159 dN =  0.0517 w = 0.0564

7 (Apis_mel) vs. 2 (And_ful)

L(i):     4314.0    1409.5    1038.5  sum=   6762.0
Ns(i):  121.5000  465.5000  275.0000  sum= 862.0000
Nv(i):   80.0000   69.0000  240.0000  sum= 389.0000
A(i):     0.0295    0.5923    0.5600
B(i):     0.0189    0.0515    0.3101
LWL85:  dS =  1.1525 dN =  0.0535 w = 0.0464 S = 1508.3 N = 5253.7
LWL85m: dS =  0.8935 dN =  0.0584 w = 0.0654 S = 1945.6 N = 4816.4 (rho = 0.644)
LPB93:  dS =  0.8887 dN =  0.0564 w = 0.0635

7 (Apis_mel) vs. 3 (And_hae)

L(i):     4316.5    1409.0    1036.5  sum=   6762.0
Ns(i):  119.0000  460.5000  270.5000  sum= 850.0000
Nv(i):   83.0000   63.5000  239.5000  sum= 386.0000
A(i):     0.0288    0.5762    0.5442
B(i):     0.0196    0.0472    0.3101
LWL85:  dS =  1.1269 dN =  0.0524 w = 0.0465 S = 1506.2 N = 5255.8
LWL85m: dS =  0.8776 dN =  0.0571 w = 0.0651 S = 1934.1 N = 4827.9 (rho = 0.637)
LPB93:  dS =  0.8727 dN =  0.0552 w = 0.0633

7 (Apis_mel) vs. 4 (And_hat)

L(i):     4314.5    1406.5    1041.0  sum=   6762.0
Ns(i):  118.0000  489.5000  306.5000  sum= 914.0000
Nv(i):   82.5000   61.0000  242.5000  sum= 386.0000
A(i):     0.0286    0.6497    0.7056
B(i):     0.0195    0.0454    0.3136
LWL85:  dS =  1.3080 dN =  0.0517 w = 0.0395 S = 1509.8 N = 5252.2
LWL85m: dS =  0.9802 dN =  0.0571 w = 0.0583 S = 2014.8 N = 4747.2 (rho = 0.692)
LPB93:  dS =  0.9871 dN =  0.0545 w = 0.0552

7 (Apis_mel) vs. 5 (And_mar)

L(i):     4313.5    1411.5    1037.0  sum=   6762.0
Ns(i):  119.5000  469.0000  286.5000  sum= 875.0000
Nv(i):   80.0000   60.5000  243.5000  sum= 384.0000
A(i):     0.0290    0.5921    0.6156
B(i):     0.0189    0.0448    0.3171
LWL85:  dS =  1.1959 dN =  0.0513 w = 0.0429 S = 1507.5 N = 5254.5
LWL85m: dS =  0.9158 dN =  0.0563 w = 0.0614 S = 1968.6 N = 4793.4 (rho = 0.660)
LPB93:  dS =  0.9191 dN =  0.0543 w = 0.0590

7 (Apis_mel) vs. 6 (And_tri)

L(i):     4315.0    1409.5    1037.5  sum=   6762.0
Ns(i):  119.0000  471.0000  286.0000  sum= 876.0000
Nv(i):   87.0000   62.0000  243.0000  sum= 392.0000
A(i):     0.0289    0.5999    0.6118
B(i):     0.0206    0.0460    0.3160
LWL85:  dS =  1.1996 dN =  0.0530 w = 0.0441 S = 1507.3 N = 5254.7
LWL85m: dS =  0.9193 dN =  0.0580 w = 0.0631 S = 1967.0 N = 4795.0 (rho = 0.659)
LPB93:  dS =  0.9209 dN =  0.0557 w = 0.0605

8 (Bom_con) vs. 1 (And_bic)

L(i):     4312.0    1405.5    1044.5  sum=   6762.0
Ns(i):  103.5000  473.5000  296.0000  sum= 873.0000
Nv(i):   60.5000   61.0000  221.5000  sum= 343.0000
A(i):     0.0249    0.6088    0.6165
B(i):     0.0142    0.0454    0.2759
LWL85:  dS =  1.1816 dN =  0.0443 w = 0.0375 S = 1513.0 N = 5249.0
LWL85m: dS =  0.8870 dN =  0.0490 w = 0.0552 S = 2015.4 N = 4746.6 (rho = 0.691)
LPB93:  dS =  0.8880 dN =  0.0468 w = 0.0527

8 (Bom_con) vs. 2 (And_ful)

L(i):     4311.5    1403.0    1047.5  sum=   6762.0
Ns(i):  112.0000  464.0000  300.0000  sum= 876.0000
Nv(i):   65.0000   65.5000  212.5000  sum= 343.0000
A(i):     0.0270    0.5912    0.6172
B(i):     0.0153    0.0490    0.2602
LWL85:  dS =  1.1540 dN =  0.0479 w = 0.0415 S = 1515.2 N = 5246.8
LWL85m: dS =  0.8595 dN =  0.0532 w = 0.0619 S = 2034.4 N = 4727.6 (rho = 0.703)
LPB93:  dS =  0.8625 dN =  0.0506 w = 0.0587

8 (Bom_con) vs. 3 (And_hae)

L(i):     4314.0    1402.5    1045.5  sum=   6762.0
Ns(i):  111.0000  452.5000  297.5000  sum= 861.0000
Nv(i):   63.0000   64.0000  213.0000  sum= 340.0000
A(i):     0.0268    0.5631    0.6102
B(i):     0.0148    0.0479    0.2617
LWL85:  dS =  1.1245 dN =  0.0470 w = 0.0418 S = 1513.0 N = 5249.0
LWL85m: dS =  0.8393 dN =  0.0521 w = 0.0620 S = 2027.1 N = 4734.9 (rho = 0.700)
LPB93:  dS =  0.8449 dN =  0.0497 w = 0.0588

8 (Bom_con) vs. 4 (And_hat)

L(i):     4312.0    1400.0    1050.0  sum=   6762.0
Ns(i):  108.0000  466.5000  324.5000  sum= 899.0000
Nv(i):   63.0000   61.0000  224.0000  sum= 348.0000
A(i):     0.0260    0.5961    0.7511
B(i):     0.0148    0.0456    0.2781
LWL85:  dS =  1.2629 dN =  0.0458 w = 0.0362 S = 1516.7 N = 5245.3
LWL85m: dS =  0.9245 dN =  0.0512 w = 0.0553 S = 2071.7 N = 4690.3 (rho = 0.730)
LPB93:  dS =  0.9407 dN =  0.0484 w = 0.0514

8 (Bom_con) vs. 5 (And_mar)

L(i):     4311.0    1405.0    1046.0  sum=   6762.0
Ns(i):  111.5000  466.0000  306.5000  sum= 884.0000
Nv(i):   61.0000   61.0000  228.0000  sum= 350.0000
A(i):     0.0269    0.5907    0.6717
B(i):     0.0144    0.0454    0.2863
LWL85:  dS =  1.2098 dN =  0.0460 w = 0.0381 S = 1514.3 N = 5247.7
LWL85m: dS =  0.9020 dN =  0.0511 w = 0.0566 S = 2031.1 N = 4730.9 (rho = 0.701)
LPB93:  dS =  0.9116 dN =  0.0489 w = 0.0536

8 (Bom_con) vs. 6 (And_tri)

L(i):     4312.5    1403.0    1046.5  sum=   6762.0
Ns(i):  108.0000  462.5000  306.5000  sum= 877.0000
Nv(i):   71.5000   64.0000  234.5000  sum= 370.0000
A(i):     0.0261    0.5863    0.6813
B(i):     0.0169    0.0478    0.2972
LWL85:  dS =  1.2196 dN =  0.0481 w = 0.0394 S = 1514.2 N = 5247.8
LWL85m: dS =  0.9127 dN =  0.0532 w = 0.0583 S = 2023.3 N = 4738.7 (rho = 0.696)
LPB93:  dS =  0.9242 dN =  0.0505 w = 0.0547

8 (Bom_con) vs. 7 (Apis_mel)

L(i):     4314.5    1441.5    1006.0  sum=   6762.0
Ns(i):   66.5000  323.0000  178.5000  sum= 568.0000
Nv(i):   35.5000   27.5000  149.0000  sum= 212.0000
A(i):     0.0158    0.3051    0.2617
B(i):     0.0083    0.0195    0.1756
LWL85:  dS =  0.5919 dN =  0.0250 w = 0.0422 S = 1486.5 N = 5275.5
LWL85m: dS =  0.4708 dN =  0.0269 w = 0.0572 S = 1868.6 N = 4893.4 (rho = 0.598)
LPB93:  dS =  0.4629 dN =  0.0269 w = 0.0580

9 (Bom_hor) vs. 1 (And_bic)

L(i):     4311.5    1404.5    1046.0  sum=   6762.0
Ns(i):  103.0000  466.5000  295.5000  sum= 865.0000
Nv(i):   63.5000   60.0000  223.5000  sum= 347.0000
A(i):     0.0248    0.5915    0.6147
B(i):     0.0149    0.0447    0.2787
LWL85:  dS =  1.1658 dN =  0.0446 w = 0.0383 S = 1514.2 N = 5247.8
LWL85m: dS =  0.8772 dN =  0.0493 w = 0.0562 S = 2012.3 N = 4749.7 (rho = 0.688)
LPB93:  dS =  0.8801 dN =  0.0470 w = 0.0535

9 (Bom_hor) vs. 2 (And_ful)

L(i):     4311.0    1402.0    1049.0  sum=   6762.0
Ns(i):  110.5000  456.5000  293.0000  sum= 860.0000
Nv(i):   68.0000   64.5000  216.5000  sum= 349.0000
A(i):     0.0267    0.5732    0.5910
B(i):     0.0160    0.0483    0.2662
LWL85:  dS =  1.1230 dN =  0.0480 w = 0.0427 S = 1516.3 N = 5245.7
LWL85m: dS =  0.8448 dN =  0.0530 w = 0.0628 S = 2015.7 N = 4746.3 (rho = 0.689)
LPB93:  dS =  0.8470 dN =  0.0506 w = 0.0598

9 (Bom_hor) vs. 3 (And_hae)

L(i):     4313.5    1401.5    1047.0  sum=   6762.0
Ns(i):  110.0000  445.5000  292.5000  sum= 848.0000
Nv(i):   66.0000   62.5000  215.5000  sum= 344.0000
A(i):     0.0265    0.5469    0.5906
B(i):     0.0155    0.0467    0.2652
LWL85:  dS =  1.0979 dN =  0.0471 w = 0.0429 S = 1514.2 N = 5247.8
LWL85m: dS =  0.8254 dN =  0.0520 w = 0.0630 S = 2014.1 N = 4747.9 (rho = 0.690)
LPB93:  dS =  0.8308 dN =  0.0497 w = 0.0598

9 (Bom_hor) vs. 4 (And_hat)

L(i):     4311.5    1399.0    1051.5  sum=   6762.0
Ns(i):  107.0000  461.5000  320.5000  sum= 889.0000
Nv(i):   66.0000   59.5000  226.5000  sum= 352.0000
A(i):     0.0258    0.5836    0.7306
B(i):     0.0155    0.0444    0.2818
LWL85:  dS =  1.2393 dN =  0.0459 w = 0.0370 S = 1517.8 N = 5244.2
LWL85m: dS =  0.9126 dN =  0.0512 w = 0.0560 S = 2061.1 N = 4700.9 (rho = 0.722)
LPB93:  dS =  0.9285 dN =  0.0484 w = 0.0522

9 (Bom_hor) vs. 5 (And_mar)

L(i):     4310.5    1404.0    1047.5  sum=   6762.0
Ns(i):  110.5000  459.5000  303.0000  sum= 873.0000
Nv(i):   64.0000   59.5000  230.5000  sum= 354.0000
A(i):     0.0267    0.5748    0.6562
B(i):     0.0151    0.0443    0.2900
LWL85:  dS =  1.1864 dN =  0.0461 w = 0.0389 S = 1515.5 N = 5246.5
LWL85m: dS =  0.8896 dN =  0.0511 w = 0.0574 S = 2021.2 N = 4740.8 (rho = 0.694)
LPB93:  dS =  0.8995 dN =  0.0489 w = 0.0544

9 (Bom_hor) vs. 6 (And_tri)

L(i):     4312.0    1402.0    1048.0  sum=   6762.0
Ns(i):  107.5000  455.5000  303.0000  sum= 866.0000
Nv(i):   74.5000   63.0000  234.5000  sum= 372.0000
A(i):     0.0260    0.5697    0.6614
B(i):     0.0176    0.0471    0.2967
LWL85:  dS =  1.1897 dN =  0.0484 w = 0.0407 S = 1515.3 N = 5246.7
LWL85m: dS =  0.8943 dN =  0.0535 w = 0.0598 S = 2015.9 N = 4746.1 (rho = 0.690)
LPB93:  dS =  0.9056 dN =  0.0508 w = 0.0561

9 (Bom_hor) vs. 7 (Apis_mel)

L(i):     4314.0    1440.5    1007.5  sum=   6762.0
Ns(i):   69.0000  326.5000  193.5000  sum= 589.0000
Nv(i):   38.5000   28.5000  149.0000  sum= 216.0000
A(i):     0.0164    0.3103    0.2920
B(i):     0.0090    0.0202    0.1753
LWL85:  dS =  0.6169 dN =  0.0263 w = 0.0426 S = 1487.7 N = 5274.3
LWL85m: dS =  0.4811 dN =  0.0286 w = 0.0593 S = 1907.5 N = 4854.5 (rho = 0.625)
LPB93:  dS =  0.4781 dN =  0.0282 w = 0.0590

9 (Bom_hor) vs. 8 (Bom_con)

L(i):     4311.5    1434.0    1016.5  sum=   6762.0
Ns(i):   12.0000   86.5000   70.5000  sum= 169.0000
Nv(i):    7.0000    3.5000   19.5000  sum=  30.0000
A(i):     0.0028    0.0644    0.0761
B(i):     0.0016    0.0024    0.0196
LWL85:  dS =  0.1269 dN =  0.0043 w = 0.0338 S = 1494.5 N = 5267.5
LWL85m: dS =  0.0879 dN =  0.0049 w = 0.0557 S = 2157.4 N = 4604.6 (rho = 0.796)
LPB93:  dS =  0.0889 dN =  0.0046 w = 0.0521

10 (Bom_hyp) vs. 1 (And_bic)

L(i):     4311.0    1405.5    1045.5  sum=   6762.0
Ns(i):  104.5000  472.0000  310.5000  sum= 887.0000
Nv(i):   62.5000   59.0000  219.5000  sum= 341.0000
A(i):     0.0252    0.6033    0.6785
B(i):     0.0147    0.0438    0.2723
LWL85:  dS =  1.2166 dN =  0.0445 w = 0.0366 S = 1514.0 N = 5248.0
LWL85m: dS =  0.8992 dN =  0.0495 w = 0.0551 S = 2048.5 N = 4713.5 (rho = 0.714)
LPB93:  dS =  0.9076 dN =  0.0470 w = 0.0518

10 (Bom_hyp) vs. 2 (And_ful)

L(i):     4310.5    1403.0    1048.5  sum=   6762.0
Ns(i):  112.0000  464.5000  311.5000  sum= 888.0000
Nv(i):   67.0000   63.5000  212.5000  sum= 343.0000
A(i):     0.0271    0.5908    0.6670
B(i):     0.0158    0.0474    0.2599
LWL85:  dS =  1.1876 dN =  0.0479 w = 0.0403 S = 1516.2 N = 5245.8
LWL85m: dS =  0.8749 dN =  0.0534 w = 0.0610 S = 2058.1 N = 4703.9 (rho = 0.720)
LPB93:  dS =  0.8832 dN =  0.0506 w = 0.0573

10 (Bom_hyp) vs. 3 (And_hae)

L(i):     4313.0    1402.5    1046.5  sum=   6762.0
Ns(i):  111.5000  449.5000  308.0000  sum= 869.0000
Nv(i):   65.0000   61.5000  211.5000  sum= 338.0000
A(i):     0.0269    0.5544    0.6526
B(i):     0.0153    0.0459    0.2589
LWL85:  dS =  1.1436 dN =  0.0470 w = 0.0411 S = 1514.0 N = 5248.0
LWL85m: dS =  0.8444 dN =  0.0523 w = 0.0619 S = 2050.6 N = 4711.4 (rho = 0.716)
LPB93:  dS =  0.8553 dN =  0.0497 w = 0.0581

10 (Bom_hyp) vs. 4 (And_hat)

L(i):     4311.0    1400.0    1051.0  sum=   6762.0
Ns(i):  109.0000  464.5000  334.5000  sum= 908.0000
Nv(i):   65.0000   59.0000  222.0000  sum= 346.0000
A(i):     0.0263    0.5896    0.8039
B(i):     0.0153    0.0440    0.2745
LWL85:  dS =  1.2907 dN =  0.0460 w = 0.0356 S = 1517.7 N = 5244.3
LWL85m: dS =  0.9352 dN =  0.0516 w = 0.0552 S = 2094.7 N = 4667.3 (rho = 0.745)
LPB93:  dS =  0.9560 dN =  0.0486 w = 0.0509

10 (Bom_hyp) vs. 5 (And_mar)

L(i):     4310.0    1405.0    1047.0  sum=   6762.0
Ns(i):  112.5000  463.5000  320.0000  sum= 896.0000
Nv(i):   63.0000   59.0000  226.0000  sum= 348.0000
A(i):     0.0272    0.5830    0.7363
B(i):     0.0148    0.0439    0.2826
LWL85:  dS =  1.2446 dN =  0.0462 w = 0.0372 S = 1515.3 N = 5246.7
LWL85m: dS =  0.9144 dN =  0.0516 w = 0.0565 S = 2062.4 N = 4699.6 (rho = 0.723)
LPB93:  dS =  0.9310 dN =  0.0491 w = 0.0528

10 (Bom_hyp) vs. 6 (And_tri)

L(i):     4311.5    1403.0    1047.5  sum=   6762.0
Ns(i):  109.0000  460.0000  315.0000  sum= 884.0000
Nv(i):   73.5000   61.5000  233.0000  sum= 368.0000
A(i):     0.0263    0.5783    0.7211
B(i):     0.0173    0.0459    0.2943
LWL85:  dS =  1.2375 dN =  0.0482 w = 0.0389 S = 1515.2 N = 5246.8
LWL85m: dS =  0.9174 dN =  0.0536 w = 0.0584 S = 2043.9 N = 4718.1 (rho = 0.710)
LPB93:  dS =  0.9336 dN =  0.0507 w = 0.0543

10 (Bom_hyp) vs. 7 (Apis_mel)

L(i):     4313.5    1441.5    1007.0  sum=   6762.0
Ns(i):   68.0000  334.5000  195.5000  sum= 598.0000
Nv(i):   37.5000   27.0000  151.5000  sum= 216.0000
A(i):     0.0161    0.3201    0.2974
B(i):     0.0088    0.0191    0.1790
LWL85:  dS =  0.6327 dN =  0.0256 w = 0.0404 S = 1487.5 N = 5274.5
LWL85m: dS =  0.4936 dN =  0.0278 w = 0.0563 S = 1906.9 N = 4855.1 (rho = 0.624)
LPB93:  dS =  0.4898 dN =  0.0275 w = 0.0561

10 (Bom_hyp) vs. 8 (Bom_con)

L(i):     4311.0    1435.0    1016.0  sum=   6762.0
Ns(i):    8.0000   81.5000   65.5000  sum= 155.0000
Nv(i):    6.0000    2.5000   21.5000  sum=  30.0000
A(i):     0.0019    0.0604    0.0705
B(i):     0.0014    0.0017    0.0216
LWL85:  dS =  0.1206 dN =  0.0031 w = 0.0260 S = 1494.3 N = 5267.7
LWL85m: dS =  0.0853 dN =  0.0036 w = 0.0417 S = 2114.2 N = 4647.8 (rho = 0.765)
LPB93:  dS =  0.0862 dN =  0.0033 w = 0.0388

10 (Bom_hyp) vs. 9 (Bom_hor)

L(i):     4310.5    1434.0    1017.5  sum=   6762.0
Ns(i):   10.0000   37.0000   41.0000  sum=  88.0000
Nv(i):    3.0000    1.0000   12.0000  sum=  16.0000
A(i):     0.0023    0.0265    0.0425
B(i):     0.0007    0.0007    0.0119
LWL85:  dS =  0.0625 dN =  0.0027 w = 0.0427 S = 1495.5 N = 5266.5
LWL85m: dS =  0.0437 dN =  0.0030 w = 0.0694 S = 2137.1 N = 4624.9 (rho = 0.781)
LPB93:  dS =  0.0451 dN =  0.0030 w = 0.0671

11 (Bom_mus) vs. 1 (And_bic)

L(i):     4312.5    1403.5    1046.0  sum=   6762.0
Ns(i):  105.5000  483.0000  303.5000  sum= 892.0000
Nv(i):   63.5000   60.0000  226.5000  sum= 350.0000
A(i):     0.0254    0.6342    0.6550
B(i):     0.0149    0.0447    0.2838
LWL85:  dS =  1.2367 dN =  0.0451 w = 0.0365 S = 1513.8 N = 5248.2
LWL85m: dS =  0.9244 dN =  0.0500 w = 0.0541 S = 2025.3 N = 4736.7 (rho = 0.698)
LPB93:  dS =  0.9269 dN =  0.0477 w = 0.0514

11 (Bom_mus) vs. 2 (And_ful)

L(i):     4312.0    1401.0    1049.0  sum=   6762.0
Ns(i):  112.5000  472.0000  304.5000  sum= 889.0000
Nv(i):   68.0000   64.0000  218.0000  sum= 350.0000
A(i):     0.0272    0.6116    0.6422
B(i):     0.0160    0.0479    0.2686
LWL85:  dS =  1.1954 dN =  0.0483 w = 0.0404 S = 1516.0 N = 5246.0
LWL85m: dS =  0.8898 dN =  0.0536 w = 0.0603 S = 2036.8 N = 4725.2 (rho = 0.705)
LPB93:  dS =  0.8933 dN =  0.0510 w = 0.0571

11 (Bom_mus) vs. 3 (And_hae)

L(i):     4314.5    1400.5    1047.0  sum=   6762.0
Ns(i):  112.5000  461.0000  298.5000  sum= 872.0000
Nv(i):   66.0000   62.5000  216.5000  sum= 345.0000
A(i):     0.0271    0.5836    0.6168
B(i):     0.0155    0.0467    0.2668
LWL85:  dS =  1.1511 dN =  0.0476 w = 0.0413 S = 1513.8 N = 5248.2
LWL85m: dS =  0.8607 dN =  0.0527 w = 0.0612 S = 2024.6 N = 4737.4 (rho = 0.698)
LPB93:  dS =  0.8646 dN =  0.0503 w = 0.0582

11 (Bom_mus) vs. 4 (And_hat)

L(i):     4312.5    1398.0    1051.5  sum=   6762.0
Ns(i):  109.5000  474.0000  328.5000  sum= 912.0000
Nv(i):   66.0000   59.5000  227.5000  sum= 353.0000
A(i):     0.0264    0.6154    0.7783
B(i):     0.0155    0.0445    0.2834
LWL85:  dS =  1.3027 dN =  0.0464 w = 0.0356 S = 1517.5 N = 5244.5
LWL85m: dS =  0.9521 dN =  0.0519 w = 0.0545 S = 2076.3 N = 4685.7 (rho = 0.733)
LPB93:  dS =  0.9688 dN =  0.0490 w = 0.0506

11 (Bom_mus) vs. 5 (And_mar)

L(i):     4311.5    1403.0    1047.5  sum=   6762.0
Ns(i):  113.0000  474.5000  311.5000  sum= 899.0000
Nv(i):   64.0000   59.5000  231.5000  sum= 355.0000
A(i):     0.0273    0.6122    0.6999
B(i):     0.0151    0.0443    0.2917
LWL85:  dS =  1.2524 dN =  0.0467 w = 0.0372 S = 1515.2 N = 5246.8
LWL85m: dS =  0.9312 dN =  0.0518 w = 0.0556 S = 2037.8 N = 4724.2 (rho = 0.706)
LPB93:  dS =  0.9414 dN =  0.0495 w = 0.0526

11 (Bom_mus) vs. 6 (And_tri)

L(i):     4313.0    1401.0    1048.0  sum=   6762.0
Ns(i):  109.5000  469.0000  306.5000  sum= 885.0000
Nv(i):   74.5000   62.5000  238.0000  sum= 375.0000
A(i):     0.0264    0.6027    0.6843
B(i):     0.0176    0.0467    0.3027
LWL85:  dS =  1.2402 dN =  0.0487 w = 0.0392 S = 1515.0 N = 5247.0
LWL85m: dS =  0.9305 dN =  0.0538 w = 0.0579 S = 2019.3 N = 4742.7 (rho = 0.693)
LPB93:  dS =  0.9404 dN =  0.0512 w = 0.0544

11 (Bom_mus) vs. 7 (Apis_mel)

L(i):     4315.0    1439.5    1007.5  sum=   6762.0
Ns(i):   65.5000  334.5000  194.0000  sum= 594.0000
Nv(i):   38.5000   28.5000  148.0000  sum= 215.0000
A(i):     0.0155    0.3213    0.2927
B(i):     0.0090    0.0202    0.1739
LWL85:  dS =  0.6270 dN =  0.0256 w = 0.0408 S = 1487.3 N = 5274.7
LWL85m: dS =  0.4881 dN =  0.0278 w = 0.0570 S = 1910.4 N = 4851.6 (rho = 0.627)
LPB93:  dS =  0.4834 dN =  0.0273 w = 0.0566

11 (Bom_mus) vs. 8 (Bom_con)

L(i):     4312.5    1433.0    1016.5  sum=   6762.0
Ns(i):    9.0000   94.5000   73.5000  sum= 177.0000
Nv(i):    7.0000    3.5000   18.5000  sum=  29.0000
A(i):     0.0021    0.0709    0.0796
B(i):     0.0016    0.0024    0.0185
LWL85:  dS =  0.1348 dN =  0.0037 w = 0.0275 S = 1494.2 N = 5267.8
LWL85m: dS =  0.0924 dN =  0.0043 w = 0.0462 S = 2178.8 N = 4583.2 (rho = 0.811)
LPB93:  dS =  0.0930 dN =  0.0039 w = 0.0422

11 (Bom_mus) vs. 9 (Bom_hor)

L(i):     4312.0    1432.0    1018.0  sum=   6762.0
Ns(i):    7.0000   46.0000   42.0000  sum=  95.0000
Nv(i):    4.0000    2.0000   11.0000  sum=  17.0000
A(i):     0.0016    0.0332    0.0435
B(i):     0.0009    0.0014    0.0109
LWL85:  dS =  0.0689 dN =  0.0025 w = 0.0359 S = 1495.3 N = 5266.7
LWL85m: dS =  0.0476 dN =  0.0028 w = 0.0594 S = 2162.7 N = 4599.3 (rho = 0.799)
LPB93:  dS =  0.0484 dN =  0.0027 w = 0.0552

11 (Bom_mus) vs. 10 (Bom_hyp)

L(i):     4311.5    1433.0    1017.5  sum=   6762.0
Ns(i):    7.0000   53.0000   50.0000  sum= 110.0000
Nv(i):    3.0000    1.0000   13.0000  sum=  17.0000
A(i):     0.0016    0.0385    0.0524
B(i):     0.0007    0.0007    0.0129
LWL85:  dS =  0.0813 dN =  0.0021 w = 0.0257 S = 1495.2 N = 5266.8
LWL85m: dS =  0.0561 dN =  0.0024 w = 0.0427 S = 2166.6 N = 4595.4 (rho = 0.802)
LPB93:  dS =  0.0572 dN =  0.0023 w = 0.0406

12 (Bom_pas) vs. 1 (And_bic)

L(i):     4312.0    1406.0    1044.0  sum=   6762.0
Ns(i):  107.5000  480.0000  305.5000  sum= 893.0000
Nv(i):   63.5000   59.5000  223.0000  sum= 346.0000
A(i):     0.0259    0.6236    0.6625
B(i):     0.0149    0.0442    0.2786
LWL85:  dS =  1.2292 dN =  0.0454 w = 0.0369 S = 1512.7 N = 5249.3
LWL85m: dS =  0.9142 dN =  0.0504 w = 0.0551 S = 2033.8 N = 4728.2 (rho = 0.704)
LPB93:  dS =  0.9188 dN =  0.0481 w = 0.0523

12 (Bom_pas) vs. 2 (And_ful)

L(i):     4311.5    1403.5    1047.0  sum=   6762.0
Ns(i):  113.0000  470.5000  302.5000  sum= 886.0000
Nv(i):   68.0000   64.0000  214.0000  sum= 346.0000
A(i):     0.0273    0.6056    0.6308
B(i):     0.0160    0.0478    0.2628
LWL85:  dS =  1.1787 dN =  0.0484 w = 0.0411 S = 1514.8 N = 5247.2
LWL85m: dS =  0.8762 dN =  0.0537 w = 0.0613 S = 2037.7 N = 4724.3 (rho = 0.706)
LPB93:  dS =  0.8791 dN =  0.0511 w = 0.0582

12 (Bom_pas) vs. 3 (And_hae)

L(i):     4314.0    1403.0    1045.0  sum=   6762.0
Ns(i):  115.0000  455.0000  299.0000  sum= 869.0000
Nv(i):   66.0000   62.5000  212.5000  sum= 341.0000
A(i):     0.0278    0.5674    0.6166
B(i):     0.0155    0.0467    0.2610
LWL85:  dS =  1.1326 dN =  0.0481 w = 0.0424 S = 1512.7 N = 5249.3
LWL85m: dS =  0.8436 dN =  0.0533 w = 0.0632 S = 2030.7 N = 4731.3 (rho = 0.703)
LPB93:  dS =  0.8494 dN =  0.0509 w = 0.0600

12 (Bom_pas) vs. 4 (And_hat)

L(i):     4312.0    1400.5    1049.5  sum=   6762.0
Ns(i):  112.0000  470.5000  331.5000  sum= 914.0000
Nv(i):   66.0000   59.5000  223.5000  sum= 349.0000
A(i):     0.0270    0.6044    0.7924
B(i):     0.0155    0.0444    0.2775
LWL85:  dS =  1.2987 dN =  0.0469 w = 0.0361 S = 1516.3 N = 5245.7
LWL85m: dS =  0.9437 dN =  0.0526 w = 0.0557 S = 2086.8 N = 4675.2 (rho = 0.741)
LPB93:  dS =  0.9624 dN =  0.0497 w = 0.0516

12 (Bom_pas) vs. 5 (And_mar)

L(i):     4311.0    1405.5    1045.5  sum=   6762.0
Ns(i):  115.5000  473.0000  312.5000  sum= 901.0000
Nv(i):   64.0000   59.5000  227.5000  sum= 351.0000
A(i):     0.0279    0.6062    0.7020
B(i):     0.0151    0.0442    0.2856
LWL85:  dS =  1.2448 dN =  0.0472 w = 0.0379 S = 1514.0 N = 5248.0
LWL85m: dS =  0.9218 dN =  0.0525 w = 0.0569 S = 2044.5 N = 4717.5 (rho = 0.711)
LPB93:  dS =  0.9327 dN =  0.0501 w = 0.0538

12 (Bom_pas) vs. 6 (And_tri)

L(i):     4312.5    1403.5    1046.0  sum=   6762.0
Ns(i):  112.0000  465.5000  307.5000  sum= 885.0000
Nv(i):   74.5000   62.5000  234.0000  sum= 371.0000
A(i):     0.0271    0.5920    0.6865
B(i):     0.0176    0.0466    0.2966
LWL85:  dS =  1.2281 dN =  0.0492 w = 0.0400 S = 1513.8 N = 5248.2
LWL85m: dS =  0.9176 dN =  0.0545 w = 0.0594 S = 2026.1 N = 4735.9 (rho = 0.698)
LPB93:  dS =  0.9289 dN =  0.0518 w = 0.0558

12 (Bom_pas) vs. 7 (Apis_mel)

L(i):     4314.5    1442.0    1005.5  sum=   6762.0
Ns(i):   64.5000  336.5000  187.0000  sum= 588.0000
Nv(i):   38.5000   27.5000  149.0000  sum= 215.0000
A(i):     0.0153    0.3228    0.2793
B(i):     0.0090    0.0194    0.1758
LWL85:  dS =  0.6211 dN =  0.0252 w = 0.0406 S = 1486.2 N = 5275.8
LWL85m: dS =  0.4882 dN =  0.0273 w = 0.0559 S = 1890.5 N = 4871.5 (rho = 0.614)
LPB93:  dS =  0.4807 dN =  0.0269 w = 0.0560

12 (Bom_pas) vs. 8 (Bom_con)

L(i):     4312.0    1435.5    1014.5  sum=   6762.0
Ns(i):   10.0000   91.5000   67.5000  sum= 169.0000
Nv(i):    7.0000    2.5000   17.5000  sum=  27.0000
A(i):     0.0023    0.0683    0.0727
B(i):     0.0016    0.0017    0.0176
LWL85:  dS =  0.1270 dN =  0.0037 w = 0.0292 S = 1493.0 N = 5269.0
LWL85m: dS =  0.0873 dN =  0.0043 w = 0.0488 S = 2170.7 N = 4591.3 (rho = 0.805)
LPB93:  dS =  0.0877 dN =  0.0040 w = 0.0454

12 (Bom_pas) vs. 9 (Bom_hor)

L(i):     4311.5    1434.5    1016.0  sum=   6762.0
Ns(i):    8.0000   45.0000   40.0000  sum=  93.0000
Nv(i):    4.0000    1.0000   10.0000  sum=  15.0000
A(i):     0.0019    0.0324    0.0414
B(i):     0.0009    0.0007    0.0099
LWL85:  dS =  0.0660 dN =  0.0025 w = 0.0374 S = 1494.2 N = 5267.8
LWL85m: dS =  0.0454 dN =  0.0028 w = 0.0625 S = 2172.8 N = 4589.2 (rho = 0.806)
LPB93:  dS =  0.0461 dN =  0.0027 w = 0.0593

12 (Bom_pas) vs. 10 (Bom_hyp)

L(i):     4311.0    1435.5    1015.5  sum=   6762.0
Ns(i):    8.0000   48.0000   46.0000  sum= 102.0000
Nv(i):    3.0000    0.0000   12.0000  sum=  15.0000
A(i):     0.0019    0.0346    0.0480
B(i):     0.0007   -0.0000    0.0120
LWL85:  dS =  0.0740 dN =  0.0021 w = 0.0283 S = 1494.0 N = 5268.0
LWL85m: dS =  0.0511 dN =  0.0024 w = 0.0469 S = 2164.9 N = 4597.1 (rho = 0.801)
LPB93:  dS =  0.0521 dN =  0.0024 w = 0.0457

12 (Bom_pas) vs. 11 (Bom_mus)

L(i):     4312.5    1433.5    1016.0  sum=   6762.0
Ns(i):    1.0000   19.0000   18.0000  sum=  38.0000
Nv(i):    2.0000    1.0000    3.0000  sum=   6.0000
A(i):     0.0002    0.0134    0.0181
B(i):     0.0005    0.0007    0.0030
LWL85:  dS =  0.0272 dN =  0.0008 w = 0.0279 S = 1493.8 N = 5268.2
LWL85m: dS =  0.0181 dN =  0.0009 w = 0.0490 S = 2247.8 N = 4514.2 (rho = 0.859)
LPB93:  dS =  0.0183 dN =  0.0008 w = 0.0412

13 (Bom_syl) vs. 1 (And_bic)

L(i):     4311.0    1405.5    1045.5  sum=   6762.0
Ns(i):  105.0000  482.0000  303.0000  sum= 890.0000
Nv(i):   62.5000   58.5000  225.0000  sum= 346.0000
A(i):     0.0253    0.6283    0.6513
B(i):     0.0147    0.0435    0.2814
LWL85:  dS =  1.2274 dN =  0.0445 w = 0.0363 S = 1514.0 N = 5248.0
LWL85m: dS =  0.9168 dN =  0.0493 w = 0.0538 S = 2026.9 N = 4735.1 (rho = 0.698)
LPB93:  dS =  0.9195 dN =  0.0471 w = 0.0512

13 (Bom_syl) vs. 2 (And_ful)

L(i):     4310.5    1403.0    1048.5  sum=   6762.0
Ns(i):  112.0000  469.5000  301.5000  sum= 883.0000
Nv(i):   67.0000   63.0000  220.0000  sum= 350.0000
A(i):     0.0271    0.6027    0.6324
B(i):     0.0158    0.0470    0.2721
LWL85:  dS =  1.1831 dN =  0.0478 w = 0.0404 S = 1516.2 N = 5245.8
LWL85m: dS =  0.8839 dN =  0.0530 w = 0.0599 S = 2029.5 N = 4732.5 (rho = 0.699)
LPB93:  dS =  0.8874 dN =  0.0505 w = 0.0569

13 (Bom_syl) vs. 3 (And_hae)

L(i):     4313.0    1402.5    1046.5  sum=   6762.0
Ns(i):  112.0000  461.5000  294.5000  sum= 868.0000
Nv(i):   65.0000   61.0000  219.0000  sum= 345.0000
A(i):     0.0270    0.5819    0.6039
B(i):     0.0153    0.0455    0.2711
LWL85:  dS =  1.1439 dN =  0.0469 w = 0.0410 S = 1514.0 N = 5248.0
LWL85m: dS =  0.8597 dN =  0.0519 w = 0.0604 S = 2014.4 N = 4747.6 (rho = 0.690)
LPB93:  dS =  0.8624 dN =  0.0497 w = 0.0577

13 (Bom_syl) vs. 4 (And_hat)

L(i):     4311.0    1400.0    1051.0  sum=   6762.0
Ns(i):  109.0000  475.0000  330.0000  sum= 914.0000
Nv(i):   65.0000   58.0000  228.0000  sum= 351.0000
A(i):     0.0263    0.6149    0.7896
B(i):     0.0153    0.0432    0.2845
LWL85:  dS =  1.3110 dN =  0.0457 w = 0.0349 S = 1517.7 N = 5244.3
LWL85m: dS =  0.9565 dN =  0.0512 w = 0.0536 S = 2080.2 N = 4681.8 (rho = 0.735)
LPB93:  dS =  0.9743 dN =  0.0485 w = 0.0497

13 (Bom_syl) vs. 5 (And_mar)

L(i):     4310.0    1405.0    1047.0  sum=   6762.0
Ns(i):  112.5000  473.0000  312.5000  sum= 898.0000
Nv(i):   63.0000   58.0000  232.0000  sum= 353.0000
A(i):     0.0272    0.6054    0.7070
B(i):     0.0148    0.0431    0.2927
LWL85:  dS =  1.2520 dN =  0.0460 w = 0.0368 S = 1515.3 N = 5246.7
LWL85m: dS =  0.9298 dN =  0.0512 w = 0.0550 S = 2040.6 N = 4721.4 (rho = 0.707)
LPB93:  dS =  0.9415 dN =  0.0489 w = 0.0520

13 (Bom_syl) vs. 6 (And_tri)

L(i):     4311.5    1403.0    1047.5  sum=   6762.0
Ns(i):  109.0000  471.5000  307.5000  sum= 888.0000
Nv(i):   73.5000   59.5000  238.0000  sum= 371.0000
A(i):     0.0263    0.6047    0.6904
B(i):     0.0173    0.0443    0.3029
LWL85:  dS =  1.2466 dN =  0.0477 w = 0.0383 S = 1515.2 N = 5246.8
LWL85m: dS =  0.9339 dN =  0.0529 w = 0.0566 S = 2022.6 N = 4739.4 (rho = 0.695)
LPB93:  dS =  0.9443 dN =  0.0503 w = 0.0533

13 (Bom_syl) vs. 7 (Apis_mel)

L(i):     4313.5    1441.5    1007.0  sum=   6762.0
Ns(i):   70.5000  335.5000  185.0000  sum= 591.0000
Nv(i):   37.5000   27.0000  146.5000  sum= 211.0000
A(i):     0.0167    0.3215    0.2737
B(i):     0.0088    0.0191    0.1719
LWL85:  dS =  0.6132 dN =  0.0261 w = 0.0425 S = 1487.5 N = 5274.5
LWL85m: dS =  0.4820 dN =  0.0283 w = 0.0586 S = 1892.4 N = 4869.6 (rho = 0.614)
LPB93:  dS =  0.4738 dN =  0.0281 w = 0.0593

13 (Bom_syl) vs. 8 (Bom_con)

L(i):     4311.0    1435.0    1016.0  sum=   6762.0
Ns(i):   12.5000  102.0000   80.5000  sum= 195.0000
Nv(i):    6.0000    4.0000   19.0000  sum=  29.0000
A(i):     0.0029    0.0769    0.0880
B(i):     0.0014    0.0028    0.0191
LWL85:  dS =  0.1466 dN =  0.0043 w = 0.0292 S = 1494.3 N = 5267.7
LWL85m: dS =  0.0998 dN =  0.0049 w = 0.0495 S = 2195.5 N = 4566.5 (rho = 0.822)
LPB93:  dS =  0.1005 dN =  0.0047 w = 0.0463

13 (Bom_syl) vs. 9 (Bom_hor)

L(i):     4310.5    1434.0    1017.5  sum=   6762.0
Ns(i):   10.0000   50.0000   46.0000  sum= 106.0000
Nv(i):    3.0000    2.0000   12.0000  sum=  17.0000
A(i):     0.0023    0.0362    0.0479
B(i):     0.0007    0.0014    0.0119
LWL85:  dS =  0.0754 dN =  0.0029 w = 0.0378 S = 1495.5 N = 5266.5
LWL85m: dS =  0.0521 dN =  0.0033 w = 0.0628 S = 2165.7 N = 4596.3 (rho = 0.801)
LPB93:  dS =  0.0530 dN =  0.0032 w = 0.0603

13 (Bom_syl) vs. 10 (Bom_hyp)

L(i):     4310.0    1435.0    1017.0  sum=   6762.0
Ns(i):   10.5000   50.5000   50.0000  sum= 111.0000
Nv(i):    2.0000    0.5000   14.5000  sum=  17.0000
A(i):     0.0024    0.0365    0.0525
B(i):     0.0005    0.0003    0.0145
LWL85:  dS =  0.0806 dN =  0.0025 w = 0.0307 S = 1495.3 N = 5266.7
LWL85m: dS =  0.0562 dN =  0.0028 w = 0.0501 S = 2142.0 N = 4620.0 (rho = 0.784)
LPB93:  dS =  0.0576 dN =  0.0029 w = 0.0500

13 (Bom_syl) vs. 11 (Bom_mus)

L(i):     4311.5    1433.0    1017.5  sum=   6762.0
Ns(i):    5.0000   62.0000   47.0000  sum= 114.0000
Nv(i):    3.0000    2.0000   11.0000  sum=  16.0000
A(i):     0.0012    0.0453    0.0490
B(i):     0.0007    0.0014    0.0109
LWL85:  dS =  0.0842 dN =  0.0019 w = 0.0226 S = 1495.2 N = 5266.8
LWL85m: dS =  0.0575 dN =  0.0022 w = 0.0381 S = 2189.1 N = 4572.9 (rho = 0.818)
LPB93:  dS =  0.0578 dN =  0.0020 w = 0.0352

13 (Bom_syl) vs. 12 (Bom_pas)

L(i):     4311.0    1435.5    1015.5  sum=   6762.0
Ns(i):    6.0000   61.0000   39.0000  sum= 106.0000
Nv(i):    3.0000    1.0000   10.0000  sum=  14.0000
A(i):     0.0014    0.0444    0.0403
B(i):     0.0007    0.0007    0.0099
LWL85:  dS =  0.0769 dN =  0.0019 w = 0.0247 S = 1494.0 N = 5268.0
LWL85m: dS =  0.0530 dN =  0.0022 w = 0.0411 S = 2167.1 N = 4594.9 (rho = 0.802)
LPB93:  dS =  0.0527 dN =  0.0021 w = 0.0397

14 (Bom_vet) vs. 1 (And_bic)

L(i):     4312.0    1402.0    1048.0  sum=   6762.0
Ns(i):  115.0000  481.5000  295.5000  sum= 892.0000
Nv(i):   70.0000   61.5000  234.5000  sum= 366.0000
A(i):     0.0278    0.6331    0.6265
B(i):     0.0165    0.0459    0.2967
LWL85:  dS =  1.2242 dN =  0.0487 w = 0.0398 S = 1515.3 N = 5246.7
LWL85m: dS =  0.9278 dN =  0.0536 w = 0.0578 S = 1999.5 N = 4762.5 (rho = 0.679)
LPB93:  dS =  0.9269 dN =  0.0515 w = 0.0556

14 (Bom_vet) vs. 2 (And_ful)

L(i):     4311.5    1399.5    1051.0  sum=   6762.0
Ns(i):  123.0000  468.0000  295.0000  sum= 886.0000
Nv(i):   74.5000   66.0000  225.5000  sum= 366.0000
A(i):     0.0298    0.6046    0.6078
B(i):     0.0176    0.0495    0.2803
LWL85:  dS =  1.1726 dN =  0.0522 w = 0.0445 S = 1517.5 N = 5244.5
LWL85m: dS =  0.8858 dN =  0.0576 w = 0.0650 S = 2008.8 N = 4753.2 (rho = 0.684)
LPB93:  dS =  0.8862 dN =  0.0552 w = 0.0623

14 (Bom_vet) vs. 3 (And_hae)

L(i):     4314.0    1399.0    1049.0  sum=   6762.0
Ns(i):  122.0000  459.0000  293.0000  sum= 874.0000
Nv(i):   72.5000   64.0000  224.5000  sum= 361.0000
A(i):     0.0296    0.5812    0.6009
B(i):     0.0171    0.0480    0.2793
LWL85:  dS =  1.1460 dN =  0.0511 w = 0.0446 S = 1515.3 N = 5246.7
LWL85m: dS =  0.8665 dN =  0.0564 w = 0.0651 S = 2004.1 N = 4757.9 (rho = 0.683)
LPB93:  dS =  0.8690 dN =  0.0542 w = 0.0624

14 (Bom_vet) vs. 4 (And_hat)

L(i):     4312.0    1396.5    1053.5  sum=   6762.0
Ns(i):  119.0000  473.0000  320.0000  sum= 912.0000
Nv(i):   72.5000   61.0000  235.5000  sum= 369.0000
A(i):     0.0288    0.6156    0.7409
B(i):     0.0171    0.0457    0.2963
LWL85:  dS =  1.2853 dN =  0.0499 w = 0.0389 S = 1519.0 N = 5243.0
LWL85m: dS =  0.9518 dN =  0.0556 w = 0.0584 S = 2051.1 N = 4710.9 (rho = 0.714)
LPB93:  dS =  0.9657 dN =  0.0529 w = 0.0548

14 (Bom_vet) vs. 5 (And_mar)

L(i):     4311.0    1401.5    1049.5  sum=   6762.0
Ns(i):  122.5000  475.0000  304.5000  sum= 902.0000
Nv(i):   70.5000   61.0000  239.5000  sum= 371.0000
A(i):     0.0297    0.6162    0.6740
B(i):     0.0166    0.0455    0.3048
LWL85:  dS =  1.2467 dN =  0.0502 w = 0.0403 S = 1516.7 N = 5245.3
LWL85m: dS =  0.9385 dN =  0.0555 w = 0.0591 S = 2014.6 N = 4747.4 (rho = 0.689)
LPB93:  dS =  0.9457 dN =  0.0534 w = 0.0565

14 (Bom_vet) vs. 6 (And_tri)

L(i):     4312.5    1399.5    1050.0  sum=   6762.0
Ns(i):  120.5000  466.0000  303.5000  sum= 890.0000
Nv(i):   81.0000   64.0000  244.0000  sum= 389.0000
A(i):     0.0292    0.5979    0.6754
B(i):     0.0191    0.0480    0.3125
LWL85:  dS =  1.2357 dN =  0.0526 w = 0.0425 S = 1516.5 N = 5245.5
LWL85m: dS =  0.9338 dN =  0.0580 w = 0.0621 S = 2006.8 N = 4755.2 (rho = 0.684)
LPB93:  dS =  0.9436 dN =  0.0554 w = 0.0587

14 (Bom_vet) vs. 7 (Apis_mel)

L(i):     4314.5    1438.0    1009.5  sum=   6762.0
Ns(i):   75.5000  347.5000  188.0000  sum= 611.0000
Nv(i):   45.0000   31.5000  158.5000  sum= 235.0000
A(i):     0.0180    0.3406    0.2827
B(i):     0.0105    0.0224    0.1885
LWL85:  dS =  0.6485 dN =  0.0294 w = 0.0454 S = 1488.8 N = 5273.2
LWL85m: dS =  0.5156 dN =  0.0317 w = 0.0616 S = 1872.4 N = 4889.6 (rho = 0.600)
LPB93:  dS =  0.5052 dN =  0.0315 w = 0.0623

14 (Bom_vet) vs. 8 (Bom_con)

L(i):     4312.0    1431.5    1018.5  sum=   6762.0
Ns(i):   20.0000  101.5000   68.5000  sum= 190.0000
Nv(i):   13.0000   11.0000   25.0000  sum=  49.0000
A(i):     0.0047    0.0771    0.0740
B(i):     0.0030    0.0077    0.0252
LWL85:  dS =  0.1413 dN =  0.0084 w = 0.0595 S = 1495.7 N = 5266.3
LWL85m: dS =  0.1013 dN =  0.0095 w = 0.0935 S = 2086.8 N = 4675.2 (rho = 0.746)
LPB93:  dS =  0.1010 dN =  0.0089 w = 0.0879

14 (Bom_vet) vs. 9 (Bom_hor)

L(i):     4311.5    1430.5    1020.0  sum=   6762.0
Ns(i):   18.0000   49.0000   40.0000  sum= 107.0000
Nv(i):   12.0000    9.5000   17.5000  sum=  39.0000
A(i):     0.0042    0.0357    0.0415
B(i):     0.0028    0.0067    0.0175
LWL85:  dS =  0.0743 dN =  0.0075 w = 0.1015 S = 1496.8 N = 5265.2
LWL85m: dS =  0.0549 dN =  0.0084 w = 0.1528 S = 2027.0 N = 4735.0 (rho = 0.704)
LPB93:  dS =  0.0556 dN =  0.0080 w = 0.1433

14 (Bom_vet) vs. 10 (Bom_hyp)

L(i):     4311.0    1431.5    1019.5  sum=   6762.0
Ns(i):   18.0000   55.0000   45.0000  sum= 118.0000
Nv(i):   11.0000    8.0000   20.0000  sum=  39.0000
A(i):     0.0042    0.0402    0.0471
B(i):     0.0026    0.0056    0.0200
LWL85:  dS =  0.0842 dN =  0.0071 w = 0.0839 S = 1496.7 N = 5265.3
LWL85m: dS =  0.0622 dN =  0.0078 w = 0.1261 S = 2024.0 N = 4738.0 (rho = 0.702)
LPB93:  dS =  0.0631 dN =  0.0075 w = 0.1193

14 (Bom_vet) vs. 11 (Bom_mus)

L(i):     4312.5    1429.5    1020.0  sum=   6762.0
Ns(i):   11.0000   21.0000   16.0000  sum=  48.0000
Nv(i):   12.0000    9.5000   10.5000  sum=  32.0000
A(i):     0.0026    0.0150    0.0161
B(i):     0.0028    0.0067    0.0104
LWL85:  dS =  0.0324 dN =  0.0062 w = 0.1915 S = 1496.5 N = 5265.5
LWL85m: dS =  0.0257 dN =  0.0067 w = 0.2610 S = 1888.0 N = 4874.0 (rho = 0.607)
LPB93:  dS =  0.0259 dN =  0.0063 w = 0.2446

14 (Bom_vet) vs. 12 (Bom_pas)

L(i):     4312.0    1432.0    1018.0  sum=   6762.0
Ns(i):   12.0000   22.0000   16.0000  sum=  50.0000
Nv(i):   12.0000    8.5000    9.5000  sum=  30.0000
A(i):     0.0028    0.0157    0.0161
B(i):     0.0028    0.0060    0.0094
LWL85:  dS =  0.0324 dN =  0.0062 w = 0.1913 S = 1495.3 N = 5266.7
LWL85m: dS =  0.0252 dN =  0.0067 w = 0.2675 S = 1921.4 N = 4840.6 (rho = 0.631)
LPB93:  dS =  0.0253 dN =  0.0064 w = 0.2524

14 (Bom_vet) vs. 13 (Bom_syl)

L(i):     4311.0    1431.5    1019.5  sum=   6762.0
Ns(i):   15.0000   63.5000   43.5000  sum= 122.0000
Nv(i):   11.5000    7.5000   17.0000  sum=  36.0000
A(i):     0.0035    0.0467    0.0453
B(i):     0.0027    0.0053    0.0170
LWL85:  dS =  0.0871 dN =  0.0065 w = 0.0745 S = 1496.7 N = 5265.3
LWL85m: dS =  0.0632 dN =  0.0073 w = 0.1149 S = 2061.2 N = 4700.8 (rho = 0.728)
LPB93:  dS =  0.0631 dN =  0.0068 w = 0.1081

